
Showing logs for build [32mcb-kubecd-bdd-gh-1568238171-pr-1[0m stage [32mmeta-pipeline[0m and container [32mstep-credential-initializer-qk2rr[0m
{"level":"warn","ts":1568238422.7937012,"logger":"fallback-logger","caller":"logging/config.go:69","msg":"Fetch GitHub commit ID from kodata failed: \"ref: refs/heads/master\" is not a valid GitHub commit ID"}
{"level":"info","ts":1568238422.794415,"logger":"fallback-logger","caller":"creds-init/main.go:40","msg":"Credentials initialized."}

Showing logs for build [32mcb-kubecd-bdd-gh-1568238171-pr-1[0m stage [32mmeta-pipeline[0m and container [32mstep-working-dir-initializer-k9bdh[0m
{"level":"warn","ts":1568238423.7851083,"logger":"fallback-logger","caller":"logging/config.go:69","msg":"Fetch GitHub commit ID from kodata failed: open /var/run/ko/HEAD: no such file or directory"}
{"level":"info","ts":1568238423.78855,"logger":"fallback-logger","caller":"bash/main.go:65","msg":"Successfully executed command \"mkdir -p /workspace/source\""}

Showing logs for build [32mcb-kubecd-bdd-gh-1568238171-pr-1[0m stage [32mmeta-pipeline[0m and container [32mstep-place-tools[0m

Showing logs for build [32mcb-kubecd-bdd-gh-1568238171-pr-1[0m stage [32mmeta-pipeline[0m and container [32mstep-git-source-meta-cb-kubecd-bdd-gh-156823817-lqgr5[0m
{"level":"warn","ts":1568238429.955565,"logger":"fallback-logger","caller":"logging/config.go:69","msg":"Fetch GitHub commit ID from kodata failed: \"ref: refs/heads/master\" is not a valid GitHub commit ID"}
{"level":"info","ts":1568238431.013501,"logger":"fallback-logger","caller":"git/git.go:102","msg":"Successfully cloned https://github.com/cb-kubecd/bdd-gh-1568238171.git @ c2cbc9864933711402ae5ac000ddfb14159edf5c in path /workspace/source"}

Showing logs for build [32mcb-kubecd-bdd-gh-1568238171-pr-1[0m stage [32mmeta-pipeline[0m and container [32mstep-git-merge[0m
Using SHAs from PULL_REFS=master:c2cbc9864933711402ae5ac000ddfb14159edf5c,1:fd367859733742ea052b334cc8a5af57d746702a
DEBUG: ran git fetch --unshallow origin fd367859733742ea052b334cc8a5af57d746702a: c2cbc9864933711402ae5ac000ddfb14159edf5c: in 
DEBUG: ran git checkout master in 
DEBUG: ran git reset --hard c2cbc9864933711402ae5ac000ddfb14159edf5c in 
DEBUG: ran clean --force -d . in 
DEBUG: ran git merge fd367859733742ea052b334cc8a5af57d746702a in 
Merged SHA fd367859733742ea052b334cc8a5af57d746702a with commit message 'My first PR commit' into base branch master

Showing logs for build [32mcb-kubecd-bdd-gh-1568238171-pr-1[0m stage [32mmeta-pipeline[0m and container [32mstep-merge-pull-refs[0m
DEBUG: ran git fetch origin fd367859733742ea052b334cc8a5af57d746702a: c2cbc9864933711402ae5ac000ddfb14159edf5c: in 
DEBUG: Unshallowed git repo in 
DEBUG: ran git checkout master in 
DEBUG: ran git reset --hard c2cbc9864933711402ae5ac000ddfb14159edf5c in 
DEBUG: ran clean --force -d . in 
DEBUG: ran git merge fd367859733742ea052b334cc8a5af57d746702a in 
Merged SHA fd367859733742ea052b334cc8a5af57d746702a with commit message 'My first PR commit' into base branch master

Showing logs for build [32mcb-kubecd-bdd-gh-1568238171-pr-1[0m stage [32mmeta-pipeline[0m and container [32mstep-create-effective-pipeline[0m
Deleting and cloning the Jenkins X versions repo
Cloning the Jenkins X versions repo https://github.com/jenkins-x/jenkins-x-versions.git with ref refs/heads/master to /builder/home/.**/jenkins-x-versions
Effective pipeline written to jenkins-x-serverless-jenkins-effective.yml

Showing logs for build [32mcb-kubecd-bdd-gh-1568238171-pr-1[0m stage [32mmeta-pipeline[0m and container [32mstep-create-tekton-crds[0m
PipelineActivity for cb-kubecd-bdd-gh-1568238171-PR-1-1
Applying changes 
upserted PipelineResource cb-kubecd-bdd-gh-1568238171-pr for the git repository https://github.com/cb-kubecd/bdd-gh-1568238171.git
upserted Task cb-kubecd-bdd-gh-1568238171-pr-from-build-pack-1
upserted Pipeline cb-kubecd-bdd-gh-1568238171-pr-1
created PipelineRun cb-kubecd-bdd-gh-1568238171-pr-1
created PipelineStructure cb-kubecd-bdd-gh-1568238171-pr-1

Showing logs for build [32mcb-kubecd-bdd-gh-1568238171-pr-1[0m stage [32mfrom-build-pack[0m and container [32mstep-credential-initializer-d5qp8[0m
{"level":"warn","ts":1568238442.9609954,"logger":"fallback-logger","caller":"logging/config.go:69","msg":"Fetch GitHub commit ID from kodata failed: \"ref: refs/heads/master\" is not a valid GitHub commit ID"}
{"level":"info","ts":1568238442.961754,"logger":"fallback-logger","caller":"creds-init/main.go:40","msg":"Credentials initialized."}

Showing logs for build [32mcb-kubecd-bdd-gh-1568238171-pr-1[0m stage [32mfrom-build-pack[0m and container [32mstep-working-dir-initializer-c4d2j[0m
{"level":"warn","ts":1568238444.3436747,"logger":"fallback-logger","caller":"logging/config.go:69","msg":"Fetch GitHub commit ID from kodata failed: open /var/run/ko/HEAD: no such file or directory"}
{"level":"info","ts":1568238444.3451376,"logger":"fallback-logger","caller":"bash/main.go:65","msg":"Successfully executed command \"mkdir -p /workspace/source /workspace/source/charts/preview\""}

Showing logs for build [32mcb-kubecd-bdd-gh-1568238171-pr-1[0m stage [32mfrom-build-pack[0m and container [32mstep-place-tools[0m

Showing logs for build [32mcb-kubecd-bdd-gh-1568238171-pr-1[0m stage [32mfrom-build-pack[0m and container [32mstep-git-source-cb-kubecd-bdd-gh-1568238171-pr-87bzd[0m
{"level":"warn","ts":1568238510.4718559,"logger":"fallback-logger","caller":"logging/config.go:69","msg":"Fetch GitHub commit ID from kodata failed: \"ref: refs/heads/master\" is not a valid GitHub commit ID"}
{"level":"info","ts":1568238512.1439524,"logger":"fallback-logger","caller":"git/git.go:102","msg":"Successfully cloned https://github.com/cb-kubecd/bdd-gh-1568238171.git @ master in path /workspace/source"}

Showing logs for build [32mcb-kubecd-bdd-gh-1568238171-pr-1[0m stage [32mfrom-build-pack[0m and container [32mstep-git-merge[0m
Using SHAs from PULL_REFS=master:c2cbc9864933711402ae5ac000ddfb14159edf5c,1:fd367859733742ea052b334cc8a5af57d746702a
DEBUG: ran git fetch --unshallow origin fd367859733742ea052b334cc8a5af57d746702a: c2cbc9864933711402ae5ac000ddfb14159edf5c: in 
DEBUG: ran git checkout master in 
DEBUG: ran git reset --hard c2cbc9864933711402ae5ac000ddfb14159edf5c in 
DEBUG: ran clean --force -d . in 
DEBUG: ran git merge fd367859733742ea052b334cc8a5af57d746702a in 
Merged SHA fd367859733742ea052b334cc8a5af57d746702a with commit message 'My first PR commit' into base branch master

Showing logs for build [32mcb-kubecd-bdd-gh-1568238171-pr-1[0m stage [32mfrom-build-pack[0m and container [32mstep-build-make-linux[0m
CGO_ENABLED=0 GOOS=linux GOARCH=amd64 GO15VENDOREXPERIMENT=1 go build -ldflags '' -o bin/bdd-gh-1568238171 main.go

Showing logs for build [32mcb-kubecd-bdd-gh-1568238171-pr-1[0m stage [32mfrom-build-pack[0m and container [32mstep-build-container-build[0m
[36mINFO[0m[0000] No base image, nothing to extract            
[36mINFO[0m[0000] cmd: EXPOSE                                  
[36mINFO[0m[0000] Adding exposed port: 8080/tcp                
[36mINFO[0m[0000] Using files from context: [/workspace/source/bin] 
[36mINFO[0m[0000] Skipping unpacking as no commands require it. 
[36mINFO[0m[0000] Taking snapshot of full filesystem...        
[36mINFO[0m[0000] EXPOSE 8080                                  
[36mINFO[0m[0000] cmd: EXPOSE                                  
[36mINFO[0m[0000] Adding exposed port: 8080/tcp                
[36mINFO[0m[0000] No files changed in this command, skipping snapshotting. 
[36mINFO[0m[0000] ENTRYPOINT ["/bdd-gh-1568238171"]            
[36mINFO[0m[0000] No files changed in this command, skipping snapshotting. 
[36mINFO[0m[0000] Using files from context: [/workspace/source/bin] 
[36mINFO[0m[0000] COPY ./bin/ /                                
[36mINFO[0m[0000] Taking snapshot of files...                  
2019/09/11 21:48:46 pushed blob: sha256:1cf9a574502b790d6c44cb13e6afc8fe53885742057324413dc718c0eb0bcb0f
2019/09/11 21:48:46 pushed blob: sha256:fd64b1b78fd0995b5e92a354c2ebb82036c0b003576c25a17cba90eb0a388bfa
2019/09/11 21:48:48 gcr.io/jenkins-x-bdd3/bdd-gh-1568238171:0.0.0-SNAPSHOT-PR-1-1: digest: sha256:c65439df77be3a21893dfaa53cccd5edf742e05e8a461b11850b88db91654122 size: 428

Showing logs for build [32mcb-kubecd-bdd-gh-1568238171-pr-1[0m stage [32mfrom-build-pack[0m and container [32mstep-postbuild-post-build[0m
no CVE provider running in the current ** namespace so skip adding image to be analysed

Showing logs for build [32mcb-kubecd-bdd-gh-1568238171-pr-1[0m stage [32mfrom-build-pack[0m and container [32mstep-promote-make-preview[0m
sed -i -e "s/version:.*/version: 0.0.0-SNAPSHOT-PR-1-1/" Chart.yaml
sed -i -e "s/version:.*/version: 0.0.0-SNAPSHOT-PR-1-1/" ../*/Chart.yaml
sed -i -e "s|repository:.*|repository: gcr.io\/jenkins-x-bdd3\/bdd-gh-1568238171|" values.yaml
sed -i -e "s/tag:.*/tag: 0.0.0-SNAPSHOT-PR-1-1/" values.yaml
echo "  version: 0.0.0-SNAPSHOT-PR-1-1" >> requirements.yaml
** step helm build
WARNING: No $CHART_REPOSITORY defined so using the default value of: http://jenkins-x-chartmuseum:8080
Adding missing Helm repo: storage.googleapis.com https://storage.googleapis.com/chartmuseum.jenkins-x.io
Successfully added Helm repository storage.googleapis.com.
Adding missing Helm repo: jenkins-x-chartmuseum http://jenkins-x-chartmuseum:8080
Successfully added Helm repository jenkins-x-chartmuseum.
WARNING: No $CHART_REPOSITORY defined so using the default value of: http://jenkins-x-chartmuseum:8080
Adding missing Helm repo: chartmuseum.jenkins-x.io http://chartmuseum.jenkins-x.io
Successfully added Helm repository chartmuseum.jenkins-x.io.

Showing logs for build [32mcb-kubecd-bdd-gh-1568238171-pr-1[0m stage [32mfrom-build-pack[0m and container [32mstep-promote-jx-preview[0m
Creating a preview
WARNING: No author for commit: fd367859733742ea052b334cc8a5af57d746702a
Created environment cb-kubecd-bdd-gh-1568238171-pr-1
Namespace **-cb-kubecd-bdd-gh-1568238171-pr-1 created 
expose:
  Annotations:
    helm.sh/hook: post-install,post-upgrade
    helm.sh/hook-delete-policy: hook-succeeded
  config:
    domain: 35.233.13.193.nip.io
    exposer: Ingress
    http: "true"
preview:
  image:
    repository: gcr.io/jenkins-x-bdd3/bdd-gh-1568238171
    tag: 0.0.0-SNAPSHOT-PR-1-1
Deleting and cloning the Jenkins X versions repo
Cloning the Jenkins X versions repo https://github.com/jenkins-x/jenkins-x-versions.git with ref refs/heads/master to /builder/home/.**/jenkins-x-versions


Updating PipelineActivities cb-kubecd-bdd-gh-1568238171-pr-1-1 which has status Running
Preview application is now available at: http://bdd-gh-1568238171.**-cb-kubecd-bdd-gh-1568238171-pr-1.35.233.13.193.nip.io
